Added Component: Designator=H1(HEADER1x3)
Added Component: Designator=H2(HEADER1x3)
Added Component: Designator=H3(HEADER1x3)
Added Component: Designator=H4(HEADER1x3)
Added Pin To Net: NetName=GND Pin=H1-0
Added Pin To Net: NetName=+5 Pin=H1-1
Added Pin To Net: NetName=GND Pin=H2-0
Added Pin To Net: NetName=+5 Pin=H2-1
Added Pin To Net: NetName=GND Pin=H3-0
Added Pin To Net: NetName=+5 Pin=H3-1
Added Pin To Net: NetName=GND Pin=H4-0
Added Pin To Net: NetName=+5 Pin=H4-1
Added Pin To Net: NetName=NetH1_2 Pin=H1-2
Added Pin To Net: NetName=NetH1_2 Pin=PIC1-27
Added Net: Name=NetH1_2
Added Pin To Net: NetName=NetH2_2 Pin=H2-2
Added Pin To Net: NetName=NetH2_2 Pin=PIC1-28
Added Net: Name=NetH2_2
Added Pin To Net: NetName=NetH3_2 Pin=H3-2
Added Pin To Net: NetName=NetH3_2 Pin=PIC1-29
Added Net: Name=NetH3_2
Added Pin To Net: NetName=NetH4_2 Pin=H4-2
Added Pin To Net: NetName=NetH4_2 Pin=PIC1-30
Added Net: Name=NetH4_2
Added Member To Class: ClassName=Excavator_SEMA Member=Component H1 SERVO
Added Member To Class: ClassName=Excavator_SEMA Member=Component H2 SERVO
Added Member To Class: ClassName=Excavator_SEMA Member=Component H3 SERVO
Added Member To Class: ClassName=Excavator_SEMA Member=Component H4 SERVO
Added Room: Name=Excavator_SEMA
