Replace Part B1 BUTTON in C:\Users\Public\Documents\Altium\Projects\Excavator (Kumanda)\Excavator_SEMA.SchDoc with BUTTON from Excavator_part.SchLib
Replace Part B2 BUTTON in C:\Users\Public\Documents\Altium\Projects\Excavator (Kumanda)\Excavator_SEMA.SchDoc with BUTTON from Excavator_part.SchLib
Replace Part B3 BUZZER in C:\Users\Public\Documents\Altium\Projects\Excavator (Kumanda)\Excavator_SEMA.SchDoc with BUZZER from Excavator_part.SchLib
Replace Part B4 BUTTON in C:\Users\Public\Documents\Altium\Projects\Excavator (Kumanda)\Excavator_SEMA.SchDoc with BUTTON from Excavator_part.SchLib
Replace Part B5 BUTTON in C:\Users\Public\Documents\Altium\Projects\Excavator (Kumanda)\Excavator_SEMA.SchDoc with BUTTON from Excavator_part.SchLib
Replace Part B6 BUTTON in C:\Users\Public\Documents\Altium\Projects\Excavator (Kumanda)\Excavator_SEMA.SchDoc with BUTTON from Excavator_part.SchLib
Replace Part B7 BUTTON in C:\Users\Public\Documents\Altium\Projects\Excavator (Kumanda)\Excavator_SEMA.SchDoc with BUTTON from Excavator_part.SchLib
Replace Part C1 0.47uF in C:\Users\Public\Documents\Altium\Projects\Excavator (Kumanda)\Excavator_SEMA.SchDoc with 0.47uF from Excavator_part.SchLib
Replace Part C2 22pF in C:\Users\Public\Documents\Altium\Projects\Excavator (Kumanda)\Excavator_SEMA.SchDoc with 22pF from Excavator_part.SchLib
Replace Part C3 22pF in C:\Users\Public\Documents\Altium\Projects\Excavator (Kumanda)\Excavator_SEMA.SchDoc with 22pF from Excavator_part.SchLib
Replace Part C4 33uF in C:\Users\Public\Documents\Altium\Projects\Excavator (Kumanda)\Excavator_SEMA.SchDoc with 33uF from Excavator_part.SchLib
Replace Part C5 22uF in C:\Users\Public\Documents\Altium\Projects\Excavator (Kumanda)\Excavator_SEMA.SchDoc with 22uF from Excavator_part.SchLib
Replace Part H1 POT_HEADER in C:\Users\Public\Documents\Altium\Projects\Excavator (Kumanda)\Excavator_SEMA.SchDoc with POT_HEADER from Excavator_part.SchLib
Replace Part H2 POT_HEADER in C:\Users\Public\Documents\Altium\Projects\Excavator (Kumanda)\Excavator_SEMA.SchDoc with POT_HEADER from Excavator_part.SchLib
Replace Part H3 POT_HEADER in C:\Users\Public\Documents\Altium\Projects\Excavator (Kumanda)\Excavator_SEMA.SchDoc with POT_HEADER from Excavator_part.SchLib
Replace Part H4 POT_HEADER in C:\Users\Public\Documents\Altium\Projects\Excavator (Kumanda)\Excavator_SEMA.SchDoc with POT_HEADER from Excavator_part.SchLib
Replace Part H5 POT_HEADER in C:\Users\Public\Documents\Altium\Projects\Excavator (Kumanda)\Excavator_SEMA.SchDoc with POT_HEADER from Excavator_part.SchLib
Replace Part H6 POT_HEADER in C:\Users\Public\Documents\Altium\Projects\Excavator (Kumanda)\Excavator_SEMA.SchDoc with POT_HEADER from Excavator_part.SchLib
Replace Part K1 KLEMENS2LI in C:\Users\Public\Documents\Altium\Projects\Excavator (Kumanda)\Excavator_SEMA.SchDoc with KLEMENS2LI from Excavator_part.SchLib
Replace Part K2 KLEMENS12V in C:\Users\Public\Documents\Altium\Projects\Excavator (Kumanda)\Excavator_SEMA.SchDoc with KLEMENS12V from Excavator_part.SchLib
Replace Part L1 LED_GREEN in C:\Users\Public\Documents\Altium\Projects\Excavator (Kumanda)\Excavator_SEMA.SchDoc with LED_GREEN from Excavator_part.SchLib
Replace Part L2 LED_GREEN in C:\Users\Public\Documents\Altium\Projects\Excavator (Kumanda)\Excavator_SEMA.SchDoc with LED_GREEN from Excavator_part.SchLib
Replace Part L3 LED_GREEN in C:\Users\Public\Documents\Altium\Projects\Excavator (Kumanda)\Excavator_SEMA.SchDoc with LED_GREEN from Excavator_part.SchLib
Replace Part L4 LCD_HEADER in C:\Users\Public\Documents\Altium\Projects\Excavator (Kumanda)\Excavator_SEMA.SchDoc with LCD_HEADER from Excavator_part.SchLib
Replace Part N1 NRF24L01 in C:\Users\Public\Documents\Altium\Projects\Excavator (Kumanda)\Excavator_SEMA.SchDoc with NRF24L01 from Excavator_part.SchLib
Replace Part O1 8MHZ in C:\Users\Public\Documents\Altium\Projects\Excavator (Kumanda)\Excavator_SEMA.SchDoc with 8MHZ from Excavator_part.SchLib
Replace Part PIC1 PIC18f4550 in C:\Users\Public\Documents\Altium\Projects\Excavator (Kumanda)\Excavator_SEMA.SchDoc with PIC18f4550 from Excavator_part.SchLib
Replace Part R1 4.7K_RES in C:\Users\Public\Documents\Altium\Projects\Excavator (Kumanda)\Excavator_SEMA.SchDoc with 4.7K_RES from Excavator_part.SchLib
Replace Part R2 4.7K_RES in C:\Users\Public\Documents\Altium\Projects\Excavator (Kumanda)\Excavator_SEMA.SchDoc with 4.7K_RES from Excavator_part.SchLib
Replace Part R3 330_RES in C:\Users\Public\Documents\Altium\Projects\Excavator (Kumanda)\Excavator_SEMA.SchDoc with 330_RES from Excavator_part.SchLib
Replace Part R4 330_RES in C:\Users\Public\Documents\Altium\Projects\Excavator (Kumanda)\Excavator_SEMA.SchDoc with 330_RES from Excavator_part.SchLib
Replace Part R5 10K_RES in C:\Users\Public\Documents\Altium\Projects\Excavator (Kumanda)\Excavator_SEMA.SchDoc with 10K_RES from Excavator_part.SchLib
Replace Part R6 330_RES in C:\Users\Public\Documents\Altium\Projects\Excavator (Kumanda)\Excavator_SEMA.SchDoc with 330_RES from Excavator_part.SchLib
Replace Part R7 330_RES in C:\Users\Public\Documents\Altium\Projects\Excavator (Kumanda)\Excavator_SEMA.SchDoc with 330_RES from Excavator_part.SchLib
Replace Part R8 330_RES in C:\Users\Public\Documents\Altium\Projects\Excavator (Kumanda)\Excavator_SEMA.SchDoc with 330_RES from Excavator_part.SchLib
Replace Part R9 1K_RES in C:\Users\Public\Documents\Altium\Projects\Excavator (Kumanda)\Excavator_SEMA.SchDoc with 1K_RES from Excavator_part.SchLib
Replace Part R10 4.7K_RES in C:\Users\Public\Documents\Altium\Projects\Excavator (Kumanda)\Excavator_SEMA.SchDoc with 4.7K_RES from Excavator_part.SchLib
Replace Part R11 4.7K_RES in C:\Users\Public\Documents\Altium\Projects\Excavator (Kumanda)\Excavator_SEMA.SchDoc with 4.7K_RES from Excavator_part.SchLib
Replace Part R12 330_RES in C:\Users\Public\Documents\Altium\Projects\Excavator (Kumanda)\Excavator_SEMA.SchDoc with 330_RES from Excavator_part.SchLib
Replace Part R13 330_RES in C:\Users\Public\Documents\Altium\Projects\Excavator (Kumanda)\Excavator_SEMA.SchDoc with 330_RES from Excavator_part.SchLib
Replace Part R14 1K_RES in C:\Users\Public\Documents\Altium\Projects\Excavator (Kumanda)\Excavator_SEMA.SchDoc with 1K_RES from Excavator_part.SchLib
Replace Part R15 1K_RES in C:\Users\Public\Documents\Altium\Projects\Excavator (Kumanda)\Excavator_SEMA.SchDoc with 1K_RES from Excavator_part.SchLib
Replace Part R16 4.7K_RES in C:\Users\Public\Documents\Altium\Projects\Excavator (Kumanda)\Excavator_SEMA.SchDoc with 4.7K_RES from Excavator_part.SchLib
Replace Part R17 4.7K_RES in C:\Users\Public\Documents\Altium\Projects\Excavator (Kumanda)\Excavator_SEMA.SchDoc with 4.7K_RES from Excavator_part.SchLib
Replace Part R18 330_RES in C:\Users\Public\Documents\Altium\Projects\Excavator (Kumanda)\Excavator_SEMA.SchDoc with 330_RES from Excavator_part.SchLib
Replace Part R19 330_RES in C:\Users\Public\Documents\Altium\Projects\Excavator (Kumanda)\Excavator_SEMA.SchDoc with 330_RES from Excavator_part.SchLib
Replace Part R20 10K_RES in C:\Users\Public\Documents\Altium\Projects\Excavator (Kumanda)\Excavator_SEMA.SchDoc with 10K_RES from Excavator_part.SchLib
Replace Part R21 1K_RES in C:\Users\Public\Documents\Altium\Projects\Excavator (Kumanda)\Excavator_SEMA.SchDoc with 1K_RES from Excavator_part.SchLib
Replace Part U1 7805 in C:\Users\Public\Documents\Altium\Projects\Excavator (Kumanda)\Excavator_SEMA.SchDoc with 7805 from Excavator_part.SchLib
