Removed Pin From Net: NetName=GND Pin=D1-4
Removed Pin From Net: NetName=GND Pin=D1-5
Removed Pin From Net: NetName=NetC4_P Pin=D1-8
Removed Pin From Net: NetName=GND Pin=D1-12
Removed Pin From Net: NetName=GND Pin=D1-13
Removed Pin From Net: NetName=+5 Pin=D1-16
Removed Pin From Net: NetName=+5 Pin=H1-1
Removed Pin From Net: NetName=+5 Pin=H2-1
Removed Pin From Net: NetName=+5 Pin=H3-1
Removed Pin From Net: NetName=+5 Pin=H4-1
Removed Pin From Net: NetName=NetN1_1 Pin=PIC1-15
Removed Pin From Net: NetName=NetN1_0 Pin=PIC1-16
Removed Pin From Net: NetName=NetH5_1 Pin=R6-2
Removed Pin From Net: NetName=NetH6_1 Pin=R7-2
Removed Member From Class: ClassName=Excavator_SEMA Member=D1
Removed Member From Class: ClassName=Excavator_SEMA Member=M1
Removed Member From Class: ClassName=Excavator_SEMA Member=M2
Change Component Footprint: Designator=R7 Old Footprint=220_RES New Footprint=330_RES
Change Component Footprint: Designator=H5 Old Footprint=HEADER1x2 New Footprint=HEADER1x3
Change Component Footprint: Designator=H6 Old Footprint=HEADER1x2 New Footprint=HEADER1x3
Change Component Comment : Designator=R7 Old Comment=220 New Comment=330
Change Component Comment : Designator=H5 Old Comment=LED New Comment=POT
Change Component Comment : Designator=H6 Old Comment=LED New Comment=POT
Change Component Comment : Designator=H1 Old Comment=SERVO New Comment=POT
Change Component Comment : Designator=H2 Old Comment=SERVO New Comment=POT
Change Component Comment : Designator=H3 Old Comment=SERVO New Comment=POT
Change Component Comment : Designator=H4 Old Comment=SERVO New Comment=POT
Change Component Designator: OldDesignator=B1 NewDesignator=B3
Change Component Designator: OldDesignator=R1 NewDesignator=R5
Change Component Designator: OldDesignator=R2 NewDesignator=R6
Change Component Designator: OldDesignator=R3 NewDesignator=R9
Change Component Designator: OldDesignator=R4 NewDesignator=R14
Change Component Designator: OldDesignator=R5 NewDesignator=R15
Added Component: Designator=B1(BUTTON)
Added Component: Designator=B2(BUTTON)
Added Component: Designator=B4(BUTTON)
Added Component: Designator=B5(BUTTON)
Added Component: Designator=B6(BUTTON)
Added Component: Designator=B7(BUTTON)
Added Component: Designator=L2(LED_GREEN)
Added Component: Designator=L3(LED_GREEN)
Added Component: Designator=L4(LCD_Header)
Added Component: Designator=R1(1K_RES)
Added Component: Designator=R2(1K_RES)
Added Component: Designator=R3(330_RES)
Added Component: Designator=R4(330_RES)
Added Component: Designator=R8(330_RES)
Added Component: Designator=R10(1K_RES)
Added Component: Designator=R11(1K_RES)
Added Component: Designator=R12(330_RES)
Added Component: Designator=R13(330_RES)
Added Component: Designator=R16(1K_RES)
Added Component: Designator=R17(1K_RES)
Added Component: Designator=R18(330_RES)
Added Component: Designator=R19(330_RES)
Added Component: Designator=R20(10K_RES)
Added Component: Designator=R21(1K_RES)
Added Pin To Net: NetName=+5 Pin=H1-2
Added Pin To Net: NetName=+5 Pin=H2-2
Added Pin To Net: NetName=+5 Pin=H3-2
Added Pin To Net: NetName=+5 Pin=H4-2
Added Pin To Net: NetName=+5 Pin=H5-2
Added Pin To Net: NetName=+5 Pin=H6-2
Added Pin To Net: NetName=GND Pin=L2-C
Added Pin To Net: NetName=GND Pin=L3-C
Added Pin To Net: NetName=GND Pin=L4-1
Added Pin To Net: NetName=+5 Pin=L4-2
Added Pin To Net: NetName=GND Pin=L4-7
Added Pin To Net: NetName=GND Pin=L4-8
Added Pin To Net: NetName=GND Pin=L4-9
Added Pin To Net: NetName=GND Pin=L4-10
Added Pin To Net: NetName=+5 Pin=L4-15
Added Pin To Net: NetName=GND Pin=L4-16
Added Pin To Net: NetName=NetH5_1 Pin=PIC1-6
Added Pin To Net: NetName=NetH6_1 Pin=PIC1-7
Added Pin To Net: NetName=NetN1_1 Pin=PIC1-16
Added Pin To Net: NetName=NetN1_0 Pin=PIC1-17
Added Pin To Net: NetName=GND Pin=R1-1
Added Pin To Net: NetName=GND Pin=R2-1
Added Pin To Net: NetName=+5 Pin=R3-1
Added Pin To Net: NetName=+5 Pin=R4-1
Added Pin To Net: NetName=GND Pin=R10-1
Added Pin To Net: NetName=GND Pin=R11-1
Added Pin To Net: NetName=+5 Pin=R12-1
Added Pin To Net: NetName=+5 Pin=R13-1
Added Pin To Net: NetName=GND Pin=R16-1
Added Pin To Net: NetName=GND Pin=R17-1
Added Pin To Net: NetName=+5 Pin=R18-1
Added Pin To Net: NetName=+5 Pin=R19-1
Added Pin To Net: NetName=GND Pin=R20-1
Added Pin To Net: NetName=+5 Pin=R21-1
Added Pin To Net: NetName=NetB1_1 Pin=B1-1
Added Pin To Net: NetName=NetB1_1 Pin=PIC1-19
Added Net: Name=NetB1_1
Added Pin To Net: NetName=NetB1_2 Pin=B1-2
Added Pin To Net: NetName=NetB1_2 Pin=R1-2
Added Net: Name=NetB1_2
Added Pin To Net: NetName=NetB1_3 Pin=B1-3
Added Pin To Net: NetName=NetB1_3 Pin=B1-4
Added Pin To Net: NetName=NetB1_3 Pin=R3-2
Added Net: Name=NetB1_3
Added Pin To Net: NetName=NetB2_1 Pin=B2-1
Added Pin To Net: NetName=NetB2_1 Pin=PIC1-20
Added Net: Name=NetB2_1
Added Pin To Net: NetName=NetB2_2 Pin=B2-2
Added Pin To Net: NetName=NetB2_2 Pin=R2-2
Added Net: Name=NetB2_2
Added Pin To Net: NetName=NetB2_3 Pin=B2-3
Added Pin To Net: NetName=NetB2_3 Pin=B2-4
Added Pin To Net: NetName=NetB2_3 Pin=R4-2
Added Net: Name=NetB2_3
Added Pin To Net: NetName=NetB3_P Pin=B3-P
Added Pin To Net: NetName=NetB3_P Pin=PIC1-23
Added Net: Name=NetB3_P
Added Pin To Net: NetName=NetB4_1 Pin=B4-1
Added Pin To Net: NetName=NetB4_1 Pin=PIC1-21
Added Net: Name=NetB4_1
Added Pin To Net: NetName=NetB4_2 Pin=B4-2
Added Pin To Net: NetName=NetB4_2 Pin=R10-2
Added Net: Name=NetB4_2
Added Pin To Net: NetName=NetB4_3 Pin=B4-3
Added Pin To Net: NetName=NetB4_3 Pin=B4-4
Added Pin To Net: NetName=NetB4_3 Pin=R12-2
Added Net: Name=NetB4_3
Added Pin To Net: NetName=NetB5_1 Pin=B5-1
Added Pin To Net: NetName=NetB5_1 Pin=PIC1-22
Added Net: Name=NetB5_1
Added Pin To Net: NetName=NetB5_2 Pin=B5-2
Added Pin To Net: NetName=NetB5_2 Pin=R11-2
Added Net: Name=NetB5_2
Added Pin To Net: NetName=NetB5_3 Pin=B5-3
Added Pin To Net: NetName=NetB5_3 Pin=B5-4
Added Pin To Net: NetName=NetB5_3 Pin=R13-2
Added Net: Name=NetB5_3
Added Pin To Net: NetName=NetB6_1 Pin=B6-1
Added Pin To Net: NetName=NetB6_1 Pin=PIC1-27
Added Net: Name=NetB6_1
Added Pin To Net: NetName=NetB6_2 Pin=B6-2
Added Pin To Net: NetName=NetB6_2 Pin=R16-2
Added Net: Name=NetB6_2
Added Pin To Net: NetName=NetB6_3 Pin=B6-3
Added Pin To Net: NetName=NetB6_3 Pin=B6-4
Added Pin To Net: NetName=NetB6_3 Pin=R18-2
Added Net: Name=NetB6_3
Added Pin To Net: NetName=NetB7_1 Pin=B7-1
Added Pin To Net: NetName=NetB7_1 Pin=PIC1-28
Added Net: Name=NetB7_1
Added Pin To Net: NetName=NetB7_2 Pin=B7-2
Added Pin To Net: NetName=NetB7_2 Pin=R17-2
Added Net: Name=NetB7_2
Added Pin To Net: NetName=NetB7_3 Pin=B7-3
Added Pin To Net: NetName=NetB7_3 Pin=B7-4
Added Pin To Net: NetName=NetB7_3 Pin=R19-2
Added Net: Name=NetB7_3
Added Pin To Net: NetName=NetH1_1 Pin=H1-1
Added Pin To Net: NetName=NetH1_1 Pin=PIC1-2
Added Net: Name=NetH1_1
Added Pin To Net: NetName=NetH2_1 Pin=H2-1
Added Pin To Net: NetName=NetH2_1 Pin=PIC1-3
Added Net: Name=NetH2_1
Added Pin To Net: NetName=NetH3_1 Pin=H3-1
Added Pin To Net: NetName=NetH3_1 Pin=PIC1-4
Added Net: Name=NetH3_1
Added Pin To Net: NetName=NetH4_1 Pin=H4-1
Added Pin To Net: NetName=NetH4_1 Pin=PIC1-5
Added Net: Name=NetH4_1
Added Pin To Net: NetName=NetL2_A Pin=L2-A
Added Pin To Net: NetName=NetL2_A Pin=R7-1
Added Net: Name=NetL2_A
Added Pin To Net: NetName=NetL3_A Pin=L3-A
Added Pin To Net: NetName=NetL3_A Pin=R8-1
Added Net: Name=NetL3_A
Added Pin To Net: NetName=NetL4_3 Pin=L4-3
Added Pin To Net: NetName=NetL4_3 Pin=R20-2
Added Pin To Net: NetName=NetL4_3 Pin=R21-2
Added Net: Name=NetL4_3
Added Pin To Net: NetName=NetL4_4 Pin=L4-4
Added Pin To Net: NetName=NetL4_4 Pin=PIC1-29
Added Net: Name=NetL4_4
Added Pin To Net: NetName=NetL4_5 Pin=L4-5
Added Pin To Net: NetName=NetL4_5 Pin=PIC1-30
Added Net: Name=NetL4_5
Added Pin To Net: NetName=NetL4_6 Pin=L4-6
Added Pin To Net: NetName=NetL4_6 Pin=PIC1-36
Added Net: Name=NetL4_6
Added Pin To Net: NetName=NetL4_11 Pin=L4-11
Added Pin To Net: NetName=NetL4_11 Pin=PIC1-37
Added Net: Name=NetL4_11
Added Pin To Net: NetName=NetL4_12 Pin=L4-12
Added Pin To Net: NetName=NetL4_12 Pin=PIC1-38
Added Net: Name=NetL4_12
Added Pin To Net: NetName=NetL4_13 Pin=L4-13
Added Pin To Net: NetName=NetL4_13 Pin=PIC1-39
Added Net: Name=NetL4_13
Added Pin To Net: NetName=NetL4_14 Pin=L4-14
Added Pin To Net: NetName=NetL4_14 Pin=PIC1-40
Added Net: Name=NetL4_14
Added Pin To Net: NetName=NetPIC1_8 Pin=PIC1-8
Added Pin To Net: NetName=NetPIC1_8 Pin=R8-2
Added Net: Name=NetPIC1_8
Added Pin To Net: NetName=NetPIC1_9 Pin=PIC1-9
Added Pin To Net: NetName=NetPIC1_9 Pin=R7-2
Added Net: Name=NetPIC1_9
Added Pin To Net: NetName=NetPIC1_10 Pin=PIC1-10
Added Pin To Net: NetName=NetPIC1_10 Pin=R6-2
Added Net: Name=NetPIC1_10
Added Member To Class: ClassName=Excavator_SEMA Member=Component B2 BUTTON
Added Member To Class: ClassName=Excavator_SEMA Member=Component B3 BUZZER
Added Member To Class: ClassName=Excavator_SEMA Member=Component B4 BUTTON
Added Member To Class: ClassName=Excavator_SEMA Member=Component B5 BUTTON
Added Member To Class: ClassName=Excavator_SEMA Member=Component B6 BUTTON
Added Member To Class: ClassName=Excavator_SEMA Member=Component B7 BUTTON
Added Member To Class: ClassName=Excavator_SEMA Member=Component L2 LED
Added Member To Class: ClassName=Excavator_SEMA Member=Component L3 LED
Added Member To Class: ClassName=Excavator_SEMA Member=Component L4 LCD
Added Member To Class: ClassName=Excavator_SEMA Member=Component R8 330
Added Member To Class: ClassName=Excavator_SEMA Member=Component R9 1K
Added Member To Class: ClassName=Excavator_SEMA Member=Component R10 4.7K
Added Member To Class: ClassName=Excavator_SEMA Member=Component R11 4.7K
Added Member To Class: ClassName=Excavator_SEMA Member=Component R12 330
Added Member To Class: ClassName=Excavator_SEMA Member=Component R13 330
Added Member To Class: ClassName=Excavator_SEMA Member=Component R14 1K
Added Member To Class: ClassName=Excavator_SEMA Member=Component R15 1K
Added Member To Class: ClassName=Excavator_SEMA Member=Component R16 4.7K
Added Member To Class: ClassName=Excavator_SEMA Member=Component R17 4.7K
Added Member To Class: ClassName=Excavator_SEMA Member=Component R18 330
Added Member To Class: ClassName=Excavator_SEMA Member=Component R19 330
Added Member To Class: ClassName=Excavator_SEMA Member=Component R20 10K
Added Member To Class: ClassName=Excavator_SEMA Member=Component R21 1K
Added Room: Name=Excavator_SEMA
