
ROM used:   3732/16384 (11%)
            3732/16384 (11%) including unused fragments

            1.8 Average locations per line
            8.8 Average locations per statement

RAM used:   47/2048 (2%) at main() level
            72/2048 (4%) worst case

Stack used: 1 worst case (0 in main + 1 for interrupts)
Stack size: 31

Lines Stmts  %   Files
----- ----- ---  -----
  253   108  25  Emisor_18F4550.c
  821     0   0  ..\..\..\..\..\Program Files (x86)\PICC\Devices\18F4550.h
  563   216  51  lib_rf2gh4_10_4550.h
  456   100  24  ..\..\..\..\..\Program Files (x86)\PICC\Drivers\lcd.c
----- -----
 2093   424 Total

Page ROM  %  RAM   Vol Diff  Functions:
---- --- --- ---   --- ----  ----------
0     40   1    1             @delay_ms1
0     32   0    1             @delay_us1
0     26   0    0   143  2.2  RF_CONFIG_SPI
0     22   0    0   108  1.7  RF_INT_EN
0    520   7    2  2193  2.0  RF_CONFIG
0     64   1    0   149  1.3  RF_ON
0    630   8    4  3103  8.5  RF_SEND
0    192   3    5   984  5.8  RF_RECEIVE
0     30   0    0             @const668
0     82   1    3   760  4.5  lcd_read_byte
0     82   1    2   262  3.7  lcd_read_nibble
0     70   1    1   399  2.4  lcd_send_nibble
0     70   1    3   415  3.7  lcd_send_byte
0    146   2    2   704  5.0  lcd_init
0     34   0    4   208  6.3  lcd_gotoxy
0     92   1    1   354  4.7  lcd_putc
0    208   3    0   688  2.4  pot_deger_yenile
0     52   1    1   280  3.7  buton_yenile
0    370   5    1  1339  4.8  ekran_yenile
0     12   0    0    27  0.9  @const710
0     32   0    2  1339  4.8  @PSTRINGC_687
0     14   0    0             @const712
0     10   0    0             @const713
0     30   0    3             @PSTRINGCN_687
0     40   1    3             @DIV88
0    170   2    6             @PRINTF_D_687
0     10   0    0             @const722
0     10   0    0             @const723
0     10   0    0             @const724
0     10   0    0             @const725
0     10   0    0             @const726
0     12   0    0             @const727
0     12   0    0             @const728
0     16   0    0             @const729
0     16   0    0             @const730
0     48   1    0             @goto10998
0     36   0    1   190  3.9  int_RB2
0     16   0    0    38  1.0  timer1_kesme
0    286   4    1  1109  4.3  MAIN
0     12   0    0             @const740
 Inline         0             @cinit1

Program metrics:
    Functions               21
    Statements              424
    Comments                536
    Volume (V)              23828
    Difficulty (D)          77.2
    Effort to implement (E) 1838751
    Time to implement (T)   28 hours, 23 minutes
    Est Delivered Bugs (B)  5
    Cyclomatic Complexity   38
    Maintainability (MI)    135

 Segment     Used  Free
-----------  ----  ----
00000-00002     4  0  
00004-00006     0  4  
00008-000A0   154  0  
000A2-07FFE  3574  29032  



