
ROM used:   1794/16384 (5%)
            1794/16384 (5%) including unused fragments

            1.1 Average locations per line
            5.2 Average locations per statement

RAM used:   55/2048 (3%) at main() level
            63/2048 (3%) worst case

Stack used: 1 worst case (0 in main + 1 for interrupts)
Stack size: 31

Lines Stmts  %   Files
----- ----- ---  -----
  270   127  37  Emisor_18F4550.c
  821     0   0  ..\..\..\..\..\Program Files (x86)\PICC\Devices\18F4550.h
  563   216  63  lib_rf2gh4_10_4550.h
----- -----
 1654   343 Total

Page ROM  %  RAM   Vol Diff  Functions:
---- --- --- ---   --- ----  ----------
0     40   1    1             @delay_ms1
0     34   1    1             @delay_us1
0     26   1    0   143  2.2  RF_CONFIG_SPI
0     22   1    0   108  1.7  RF_INT_EN
0    520  14    2  2193  2.0  RF_CONFIG
0     52   1    0   149  1.3  RF_ON
0    192   5    5   989  5.7  RF_RECEIVE
0    118   3    0   596  4.8  isr_timer0
0     50   1    0   163  3.1  timer1_kesmesi
0    220   6    0  1871  6.4  int_RB2
0    310   9    2  1547  7.9  MAIN
0     40   1    3             @DIV88
 Inline         0             @cinit1

Program metrics:
    Functions               9
    Statements              343
    Comments                382
    Volume (V)              10945
    Difficulty (D)          35.7
    Effort to implement (E) 390246
    Time to implement (T)   6 hours, 1 minutes
    Est Delivered Bugs (B)  2
    Cyclomatic Complexity   23
    Maintainability (MI)    44

 Segment     Used  Free
-----------  ----  ----
00000-00002     4  0  
00004-00006     0  4  
00008-000AC   166  0  
000AE-07FFE  1624  30970  



